<?xml version="1.0" encoding="UTF-8"?>
<!-- Generated by org.testng.reporters.JUnitReportReporter -->
<testsuite hostname="DESKTOP-8J59FI1" name="testrunner.TestNG" tests="14" failures="0" timestamp="10 Dec 2020 08:29:02 GMT" time="487.303" errors="0">
  <testcase name="runScenario" time="39.032" classname="testrunner.TestNG"/>
  <testcase name="runScenario" time="43.335" classname="testrunner.TestNG"/>
  <testcase name="runScenario" time="34.116" classname="testrunner.TestNG"/>
  <testcase name="runScenario" time="28.564" classname="testrunner.TestNG"/>
  <testcase name="runScenario" time="37.840" classname="testrunner.TestNG"/>
  <testcase name="runScenario" time="29.910" classname="testrunner.TestNG"/>
  <testcase name="runScenario" time="36.917" classname="testrunner.TestNG"/>
  <testcase name="runScenario" time="34.671" classname="testrunner.TestNG"/>
  <testcase name="runScenario" time="34.066" classname="testrunner.TestNG"/>
  <testcase name="runScenario" time="34.082" classname="testrunner.TestNG"/>
  <testcase name="runScenario" time="32.278" classname="testrunner.TestNG"/>
  <testcase name="runScenario" time="35.942" classname="testrunner.TestNG"/>
  <testcase name="runScenario" time="37.183" classname="testrunner.TestNG"/>
  <testcase name="runScenario" time="29.367" classname="testrunner.TestNG"/>
</testsuite> <!-- testrunner.TestNG -->
